#
# There is insufficient memory for the Java Runtime Environment to continue.
# Native memory allocation (malloc) failed to allocate 1048576 bytes. Error detail: AllocateHeap
# Possible reasons:
#   The system is out of physical RAM or swap space
#   This process is running with CompressedOops enabled, and the Java Heap may be blocking the growth of the native heap
# Possible solutions:
#   Reduce memory load on the system
#   Increase physical memory or swap space
#   Check if swap backing store is full
#   Decrease Java heap size (-Xmx/-Xms)
#   Decrease number of Java threads
#   Decrease Java thread stack sizes (-Xss)
#   Set larger code cache with -XX:ReservedCodeCacheSize=
#   JVM is running with Unscaled Compressed Oops mode in which the Java heap is
#     placed in the first 4GB address space. The Java Heap base address is the
#     maximum limit for the native heap growth. Please use -XX:HeapBaseMinAddress
#     to set the Java Heap base and to place the Java Heap above 4GB virtual address.
# This output file may be truncated or incomplete.
#
#  Out of Memory Error (allocation.cpp:44), pid=944, tid=9568
#
# JRE version: OpenJDK Runtime Environment Temurin-21.0.8+9 (21.0.8+9) (build 21.0.8+9-LTS)
# Java VM: OpenJDK 64-Bit Server VM Temurin-21.0.8+9 (21.0.8+9-LTS, mixed mode, sharing, tiered, compressed oops, compressed class ptrs, parallel gc, windows-amd64)
# No core dump will be written. Minidumps are not enabled by default on client versions of Windows
#

---------------  S U M M A R Y ------------

Command Line: --add-modules=ALL-SYSTEM --add-opens=java.base/java.util=ALL-UNNAMED --add-opens=java.base/java.lang=ALL-UNNAMED --add-opens=java.base/sun.nio.fs=ALL-UNNAMED -Declipse.application=org.eclipse.jdt.ls.core.id1 -Dosgi.bundles.defaultStartLevel=4 -Declipse.product=org.eclipse.jdt.ls.core.product -Djava.import.generatesMetadataFilesAtProjectRoot=false -DDetectVMInstallationsJob.disabled=true -Dfile.encoding=utf8 -XX:+UseParallelGC -XX:GCTimeRatio=4 -XX:AdaptiveSizePolicyWeight=90 -Dsun.zip.disableMemoryMapping=true -Xmx2G -Xms100m -Xlog:disable -javaagent:c:\Users\LG\.vscode\extensions\redhat.java-1.44.0-win32-x64\lombok\lombok-1.18.39-4050.jar -XX:+HeapDumpOnOutOfMemoryError -XX:HeapDumpPath=c:\Users\LG\AppData\Roaming\Code\User\workspaceStorage\b670fac5eefa02099aaa565173ac04c4\redhat.java -Daether.dependencyCollector.impl=bf c:\Users\LG\.vscode\extensions\redhat.java-1.44.0-win32-x64\server\plugins\org.eclipse.equinox.launcher_1.7.0.v20250519-0528.jar -configuration c:\Users\LG\AppData\Roaming\Code\User\globalStorage\redhat.java\1.44.0\config_win -data c:\Users\LG\AppData\Roaming\Code\User\workspaceStorage\b670fac5eefa02099aaa565173ac04c4\redhat.java\jdt_ws --pipe=\\.\pipe\lsp-a712ab2842735fc4c6563f8730bd2790-sock

Host: Intel(R) Core(TM) i5-4200U CPU @ 1.60GHz, 4 cores, 7G,  Windows 10 , 64 bit Build 19041 (10.0.19041.5915)
Time: Sat Aug  9 04:32:59 2025 W. Central Africa Standard Time elapsed time: 2322.367733 seconds (0d 0h 38m 42s)

---------------  T H R E A D  ---------------

Current thread (0x000001aa43f314d0):  JavaThread "Attach Listener" daemon [_thread_in_vm, id=9568, stack(0x00000063b4700000,0x00000063b4800000) (1024K)]

Stack: [0x00000063b4700000,0x00000063b4800000]
Native frames: (J=compiled Java code, j=interpreted, Vv=VM code, C=native code)
V  [jvm.dll+0x6d2449]
V  [jvm.dll+0x8ae341]
V  [jvm.dll+0x8b08be]
V  [jvm.dll+0x8b0fa3]
V  [jvm.dll+0x280c96]
V  [jvm.dll+0xc0347]
V  [jvm.dll+0x6d2cf9]
V  [jvm.dll+0x131116]
V  [jvm.dll+0x3f2d16]
V  [jvm.dll+0x857e6b]
V  [jvm.dll+0x6d0b0d]
C  [ucrtbase.dll+0x21bb2]
C  [KERNEL32.DLL+0x17374]
C  [ntdll.dll+0x4cc91]


---------------  P R O C E S S  ---------------

Threads class SMR info:
_java_thread_list=0x000001aa8e152a20, length=31, elements={
0x000001aa2d554020, 0x000001aa2d61e950, 0x000001aa43f2ea40, 0x000001aa43f305c0,
0x000001aa43f314d0, 0x000001aa43f351a0, 0x000001aa43f35bf0, 0x000001aa43f36a20,
0x000001aa43fa7ca0, 0x000001aa85bcf100, 0x000001aa85e744a0, 0x000001aa8a328570,
0x000001aa8a435670, 0x000001aa8a768070, 0x000001aa8a7686d0, 0x000001aa85ed31b0,
0x000001aa8ae54540, 0x000001aa8a1781c0, 0x000001aa8a1753d0, 0x000001aa8a1760f0,
0x000001aa8a178850, 0x000001aa8ad714f0, 0x000001aa8ad6f420, 0x000001aa8ad6ed90,
0x000001aa8ad73c50, 0x000001aa8ad6e700, 0x000001aa8ad70e60, 0x000001aa8ad6fab0,
0x000001aa8ad72210, 0x000001aa8ad728a0, 0x000001aa8b2fec60
}

Java Threads: ( => current thread )
  0x000001aa2d554020 JavaThread "main"                              [_thread_blocked, id=4952, stack(0x00000063b3f00000,0x00000063b4000000) (1024K)]
  0x000001aa2d61e950 JavaThread "Reference Handler"          daemon [_thread_blocked, id=16756, stack(0x00000063b4400000,0x00000063b4500000) (1024K)]
  0x000001aa43f2ea40 JavaThread "Finalizer"                  daemon [_thread_blocked, id=20108, stack(0x00000063b4500000,0x00000063b4600000) (1024K)]
  0x000001aa43f305c0 JavaThread "Signal Dispatcher"          daemon [_thread_blocked, id=17292, stack(0x00000063b4600000,0x00000063b4700000) (1024K)]
=>0x000001aa43f314d0 JavaThread "Attach Listener"            daemon [_thread_in_vm, id=9568, stack(0x00000063b4700000,0x00000063b4800000) (1024K)]
  0x000001aa43f351a0 JavaThread "Service Thread"             daemon [_thread_blocked, id=14172, stack(0x00000063b4800000,0x00000063b4900000) (1024K)]
  0x000001aa43f35bf0 JavaThread "Monitor Deflation Thread"   daemon [_thread_blocked, id=3496, stack(0x00000063b4900000,0x00000063b4a00000) (1024K)]
  0x000001aa43f36a20 JavaThread "C2 CompilerThread0"         daemon [_thread_blocked, id=14016, stack(0x00000063b4a00000,0x00000063b4b00000) (1024K)]
  0x000001aa43fa7ca0 JavaThread "C1 CompilerThread0"         daemon [_thread_blocked, id=11744, stack(0x00000063b4b00000,0x00000063b4c00000) (1024K)]
  0x000001aa85bcf100 JavaThread "Common-Cleaner"             daemon [_thread_blocked, id=19604, stack(0x00000063b4c00000,0x00000063b4d00000) (1024K)]
  0x000001aa85e744a0 JavaThread "Notification Thread"        daemon [_thread_blocked, id=10852, stack(0x00000063b4d00000,0x00000063b4e00000) (1024K)]
  0x000001aa8a328570 JavaThread "Active Thread: Equinox Container: 94cb54b8-259e-4155-9ab1-9fdfcdcd8897"        [_thread_blocked, id=20248, stack(0x00000063b5100000,0x00000063b5200000) (1024K)]
  0x000001aa8a435670 JavaThread "Refresh Thread: Equinox Container: 94cb54b8-259e-4155-9ab1-9fdfcdcd8897" daemon [_thread_blocked, id=19992, stack(0x00000063b5200000,0x00000063b5300000) (1024K)]
  0x000001aa8a768070 JavaThread "Framework Event Dispatcher: Equinox Container: 94cb54b8-259e-4155-9ab1-9fdfcdcd8897" daemon [_thread_blocked, id=14324, stack(0x00000063b5300000,0x00000063b5400000) (1024K)]
  0x000001aa8a7686d0 JavaThread "Start Level: Equinox Container: 94cb54b8-259e-4155-9ab1-9fdfcdcd8897" daemon [_thread_blocked, id=18312, stack(0x00000063b5400000,0x00000063b5500000) (1024K)]
  0x000001aa85ed31b0 JavaThread "Bundle File Closer"         daemon [_thread_blocked, id=8172, stack(0x00000063b5500000,0x00000063b5600000) (1024K)]
  0x000001aa8ae54540 JavaThread "SCR Component Actor"        daemon [_thread_blocked, id=16636, stack(0x00000063b5600000,0x00000063b5700000) (1024K)]
  0x000001aa8a1781c0 JavaThread "Worker-JM"                         [_thread_blocked, id=15408, stack(0x00000063b5800000,0x00000063b5900000) (1024K)]
  0x000001aa8a1753d0 JavaThread "JNA Cleaner"                daemon [_thread_blocked, id=7468, stack(0x00000063b5700000,0x00000063b5800000) (1024K)]
  0x000001aa8a1760f0 JavaThread "Java indexing"              daemon [_thread_blocked, id=10624, stack(0x00000063b5b00000,0x00000063b5c00000) (1024K)]
  0x000001aa8a178850 JavaThread "Worker-5"                          [_thread_blocked, id=13804, stack(0x00000063b5f00000,0x00000063b6000000) (1024K)]
  0x000001aa8ad714f0 JavaThread "Thread-3"                   daemon [_thread_in_native, id=10976, stack(0x00000063b6000000,0x00000063b6100000) (1024K)]
  0x000001aa8ad6f420 JavaThread "Thread-4"                   daemon [_thread_in_native, id=1660, stack(0x00000063b6100000,0x00000063b6200000) (1024K)]
  0x000001aa8ad6ed90 JavaThread "Thread-5"                   daemon [_thread_in_native, id=20404, stack(0x00000063b6200000,0x00000063b6300000) (1024K)]
  0x000001aa8ad73c50 JavaThread "Thread-6"                   daemon [_thread_in_native, id=19048, stack(0x00000063b6300000,0x00000063b6400000) (1024K)]
  0x000001aa8ad6e700 JavaThread "Thread-7"                   daemon [_thread_in_native, id=1616, stack(0x00000063b6400000,0x00000063b6500000) (1024K)]
  0x000001aa8ad70e60 JavaThread "pool-2-thread-1"                   [_thread_blocked, id=11108, stack(0x00000063b6500000,0x00000063b6600000) (1024K)]
  0x000001aa8ad6fab0 JavaThread "WorkspaceEventsHandler"            [_thread_blocked, id=5712, stack(0x00000063b6600000,0x00000063b6700000) (1024K)]
  0x000001aa8ad72210 JavaThread "pool-1-thread-1"                   [_thread_blocked, id=13800, stack(0x00000063b6700000,0x00000063b6800000) (1024K)]
  0x000001aa8ad728a0 JavaThread "Worker-6"                          [_thread_blocked, id=17304, stack(0x00000063b6800000,0x00000063b6900000) (1024K)]
  0x000001aa8b2fec60 JavaThread "Cleaner-0"                  daemon [_thread_blocked, id=12940, stack(0x00000063b7000000,0x00000063b7100000) (1024K)]
Total: 31

Other Threads:
  0x000001aa2b47ebb0 VMThread "VM Thread"                           [id=7948, stack(0x00000063b4300000,0x00000063b4400000) (1024K)]
  0x000001aa2d5c0b50 WatcherThread "VM Periodic Task Thread"        [id=22088, stack(0x00000063b4200000,0x00000063b4300000) (1024K)]
  0x000001aa2d5730d0 WorkerThread "GC Thread#0"                     [id=12000, stack(0x00000063b4100000,0x00000063b4200000) (1024K)]
  0x000001aa8a232050 WorkerThread "GC Thread#1"                     [id=16672, stack(0x00000063b4e00000,0x00000063b4f00000) (1024K)]
  0x000001aa8a232c00 WorkerThread "GC Thread#2"                     [id=5844, stack(0x00000063b4f00000,0x00000063b5000000) (1024K)]
  0x000001aa8a232fa0 WorkerThread "GC Thread#3"                     [id=17280, stack(0x00000063b5000000,0x00000063b5100000) (1024K)]
Total: 6

Threads with active compile tasks:
Total: 0

VM state: not at safepoint (normal execution)

VM Mutex/Monitor currently owned by a thread: None

Heap address: 0x0000000080000000, size: 2048 MB, Compressed Oops mode: 32-bit

CDS archive(s) mapped at: [0x000001aa44000000-0x000001aa44ba0000-0x000001aa44ba0000), size 12189696, SharedBaseAddress: 0x000001aa44000000, ArchiveRelocationMode: 1.
Compressed class space mapped at: 0x000001aa45000000-0x000001aa85000000, reserved size: 1073741824
Narrow klass base: 0x000001aa44000000, Narrow klass shift: 0, Narrow klass range: 0x100000000

GC Precious Log:
 CardTable entry size: 512
 CPUs: 4 total, 4 available
 Memory: 8099M
 Large Page Support: Disabled
 NUMA Support: Disabled
 Compressed Oops: Enabled (32-bit)
 Alignments: Space 512K, Generation 512K, Heap 2M
 Heap Min Capacity: 100M
 Heap Initial Capacity: 100M
 Heap Max Capacity: 2G
 Pre-touch: Disabled
 Parallel Workers: 4

Heap:
 PSYoungGen      total 4608K, used 2881K [0x00000000d5580000, 0x00000000d5b80000, 0x0000000100000000)
  eden space 3072K, 89% used [0x00000000d5580000,0x00000000d5830708,0x00000000d5880000)
  from space 1536K, 8% used [0x00000000d5900000,0x00000000d5920000,0x00000000d5a80000)
  to   space 512K, 0% used [0x00000000d5b00000,0x00000000d5b00000,0x00000000d5b80000)
 ParOldGen       total 518656K, used 518426K [0x0000000080000000, 0x000000009fa80000, 0x00000000d5580000)
  object space 518656K, 99% used [0x0000000080000000,0x000000009fa46848,0x000000009fa80000)
 Metaspace       used 65293K, committed 66816K, reserved 1114112K
  class space    used 6812K, committed 7488K, reserved 1048576K

Card table byte_map: [0x000001aa2cf20000,0x000001aa2d330000] _byte_map_base: 0x000001aa2cb20000

Marking Bits: (ParMarkBitMap*) 0x00007ffd06a2a340
 Begin Bits: [0x000001aa3fa00000, 0x000001aa41a00000)
 End Bits:   [0x000001aa41a00000, 0x000001aa43a00000)

Polling page: 0x000001aa2b360000

Metaspace:

Usage:
  Non-class:     57.11 MB used.
      Class:      6.65 MB used.
       Both:     63.76 MB used.

Virtual space:
  Non-class space:       64.00 MB reserved,      57.94 MB ( 91%) committed,  1 nodes.
      Class space:        1.00 GB reserved,       7.31 MB ( <1%) committed,  1 nodes.
             Both:        1.06 GB reserved,      65.25 MB (  6%) committed. 

Chunk freelists:
   Non-Class:  5.95 MB
       Class:  8.73 MB
        Both:  14.68 MB

MaxMetaspaceSize: unlimited
CompressedClassSpaceSize: 1.00 GB
Initial GC threshold: 21.00 MB
Current GC threshold: 97.31 MB
CDS: on
 - commit_granule_bytes: 65536.
 - commit_granule_words: 8192.
 - virtual_space_node_default_size: 8388608.
 - enlarge_chunks_in_place: 1.
 - use_allocation_guard: 0.


Internal statistics:

num_allocs_failed_limit: 9.
num_arena_births: 1092.
num_arena_deaths: 14.
num_vsnodes_births: 2.
num_vsnodes_deaths: 0.
num_space_committed: 1044.
num_space_uncommitted: 0.
num_chunks_returned_to_freelist: 30.
num_chunks_taken_from_freelist: 4100.
num_chunk_merges: 16.
num_chunk_splits: 2542.
num_chunks_enlarged: 1499.
num_inconsistent_stats: 0.

CodeHeap 'non-profiled nmethods': size=120000Kb used=9028Kb max_used=9028Kb free=110971Kb
 bounds [0x000001aa38220000, 0x000001aa38b00000, 0x000001aa3f750000]
CodeHeap 'profiled nmethods': size=120000Kb used=23397Kb max_used=23397Kb free=96602Kb
 bounds [0x000001aa30750000, 0x000001aa31e30000, 0x000001aa37c80000]
CodeHeap 'non-nmethods': size=5760Kb used=1449Kb max_used=1523Kb free=4310Kb
 bounds [0x000001aa37c80000, 0x000001aa37ef0000, 0x000001aa38220000]
CodeCache: size=245760Kb, used=33874Kb, max_used=33948Kb, free=211883Kb
 total_blobs=10400, nmethods=9627, adapters=677, full_count=0
Compilation: enabled, stopped_count=0, restarted_count=0

Compilation events (20 events):
Event: 1916.648 Thread 0x000001aa43fa7ca0 10480       3       java.util.concurrent.locks.AbstractQueuedSynchronizer$ConditionObject::awaitNanos (207 bytes)
Event: 1916.652 Thread 0x000001aa43fa7ca0 nmethod 10480 0x000001aa31e23610 code [0x000001aa31e23900, 0x000001aa31e247e0]
Event: 1956.718 Thread 0x000001aa43fa7ca0 10481       3       java.util.concurrent.ScheduledThreadPoolExecutor::triggerTime (22 bytes)
Event: 1956.719 Thread 0x000001aa43fa7ca0 nmethod 10481 0x000001aa31e24d90 code [0x000001aa31e24f40, 0x000001aa31e25120]
Event: 1956.719 Thread 0x000001aa43fa7ca0 10482       3       java.util.concurrent.ScheduledThreadPoolExecutor$DelayedWorkQueue::add (9 bytes)
Event: 1956.719 Thread 0x000001aa43fa7ca0 nmethod 10482 0x000001aa31e25210 code [0x000001aa31e253e0, 0x000001aa31e256b8]
Event: 1956.719 Thread 0x000001aa43fa7ca0 10483       3       java.util.concurrent.ScheduledThreadPoolExecutor$DelayedWorkQueue::add (6 bytes)
Event: 1956.719 Thread 0x000001aa43fa7ca0 nmethod 10483 0x000001aa31e25790 code [0x000001aa31e25940, 0x000001aa31e25a98]
Event: 1971.787 Thread 0x000001aa43fa7ca0 10484       3       java.util.concurrent.ScheduledThreadPoolExecutor$DelayedWorkQueue::finishPoll (43 bytes)
Event: 1971.788 Thread 0x000001aa43fa7ca0 nmethod 10484 0x000001aa31e25b90 code [0x000001aa31e25d60, 0x000001aa31e262e8]
Event: 1971.793 Thread 0x000001aa43fa7ca0 10485       3       java.util.concurrent.ScheduledThreadPoolExecutor$ScheduledFutureTask::run (57 bytes)
Event: 1971.798 Thread 0x000001aa43fa7ca0 nmethod 10485 0x000001aa31e26490 code [0x000001aa31e266c0, 0x000001aa31e26b50]
Event: 2140.731 Thread 0x000001aa43fa7ca0 10486       3       org.eclipse.core.internal.dtree.DataTreeNode::storeStrings (28 bytes)
Event: 2140.733 Thread 0x000001aa43fa7ca0 nmethod 10486 0x000001aa31e26d10 code [0x000001aa31e26ee0, 0x000001aa31e27360]
Event: 2140.733 Thread 0x000001aa43fa7ca0 10487       3       org.eclipse.core.internal.resources.ResourceInfo::shareStrings (43 bytes)
Event: 2140.736 Thread 0x000001aa43fa7ca0 nmethod 10487 0x000001aa31e27490 code [0x000001aa31e27660, 0x000001aa31e27928]
Event: 2271.897 Thread 0x000001aa43fa7ca0 10488       1       org.eclipse.osgi.internal.framework.EquinoxContainer::getStorage (5 bytes)
Event: 2271.901 Thread 0x000001aa43fa7ca0 nmethod 10488 0x000001aa38af0f90 code [0x000001aa38af1120, 0x000001aa38af11e8]
Event: 2297.684 Thread 0x000001aa43fa7ca0 10489   !   3       java.util.logging.LogManager::ensureLogManagerInitialized (144 bytes)
Event: 2297.698 Thread 0x000001aa43fa7ca0 nmethod 10489 0x000001aa31e27a90 code [0x000001aa31e27da0, 0x000001aa31e28ec0]

GC Heap History (20 events):
Event: 246.917 GC heap before
{Heap before GC invocations=413 (full 3):
 PSYoungGen      total 2048K, used 1824K [0x00000000d5580000, 0x00000000d5b00000, 0x0000000100000000)
  eden space 1024K, 100% used [0x00000000d5580000,0x00000000d5680000,0x00000000d5680000)
  from space 1024K, 78% used [0x00000000d5680000,0x00000000d5748000,0x00000000d5780000)
  to   space 2048K, 0% used [0x00000000d5900000,0x00000000d5900000,0x00000000d5b00000)
 ParOldGen       total 507904K, used 507618K [0x0000000080000000, 0x000000009f000000, 0x00000000d5580000)
  object space 507904K, 99% used [0x0000000080000000,0x000000009efb88b0,0x000000009f000000)
 Metaspace       used 64458K, committed 65920K, reserved 1114112K
  class space    used 6726K, committed 7360K, reserved 1048576K
}
Event: 246.923 GC heap after
{Heap after GC invocations=413 (full 3):
 PSYoungGen      total 2560K, used 843K [0x00000000d5580000, 0x00000000d5a00000, 0x0000000100000000)
  eden space 1536K, 0% used [0x00000000d5580000,0x00000000d5580000,0x00000000d5700000)
  from space 1024K, 82% used [0x00000000d5900000,0x00000000d59d2f88,0x00000000d5a00000)
  to   space 1024K, 0% used [0x00000000d5800000,0x00000000d5800000,0x00000000d5900000)
 ParOldGen       total 508416K, used 508386K [0x0000000080000000, 0x000000009f080000, 0x00000000d5580000)
  object space 508416K, 99% used [0x0000000080000000,0x000000009f0788b0,0x000000009f080000)
 Metaspace       used 64458K, committed 65920K, reserved 1114112K
  class space    used 6726K, committed 7360K, reserved 1048576K
}
Event: 247.013 GC heap before
{Heap before GC invocations=414 (full 3):
 PSYoungGen      total 2560K, used 2379K [0x00000000d5580000, 0x00000000d5a00000, 0x0000000100000000)
  eden space 1536K, 100% used [0x00000000d5580000,0x00000000d5700000,0x00000000d5700000)
  from space 1024K, 82% used [0x00000000d5900000,0x00000000d59d2f88,0x00000000d5a00000)
  to   space 1024K, 0% used [0x00000000d5800000,0x00000000d5800000,0x00000000d5900000)
 ParOldGen       total 508416K, used 508386K [0x0000000080000000, 0x000000009f080000, 0x00000000d5580000)
  object space 508416K, 99% used [0x0000000080000000,0x000000009f0788b0,0x000000009f080000)
 Metaspace       used 64458K, committed 65920K, reserved 1114112K
  class space    used 6726K, committed 7360K, reserved 1048576K
}
Event: 247.018 GC heap after
{Heap after GC invocations=414 (full 3):
 PSYoungGen      total 2560K, used 1024K [0x00000000d5580000, 0x00000000d5b00000, 0x0000000100000000)
  eden space 1536K, 0% used [0x00000000d5580000,0x00000000d5580000,0x00000000d5700000)
  from space 1024K, 100% used [0x00000000d5800000,0x00000000d5900000,0x00000000d5900000)
  to   space 2048K, 0% used [0x00000000d5900000,0x00000000d5900000,0x00000000d5b00000)
 ParOldGen       total 509440K, used 509190K [0x0000000080000000, 0x000000009f180000, 0x00000000d5580000)
  object space 509440K, 99% used [0x0000000080000000,0x000000009f141838,0x000000009f180000)
 Metaspace       used 64458K, committed 65920K, reserved 1114112K
  class space    used 6726K, committed 7360K, reserved 1048576K
}
Event: 247.027 GC heap before
{Heap before GC invocations=415 (full 3):
 PSYoungGen      total 2560K, used 2560K [0x00000000d5580000, 0x00000000d5b00000, 0x0000000100000000)
  eden space 1536K, 100% used [0x00000000d5580000,0x00000000d5700000,0x00000000d5700000)
  from space 1024K, 100% used [0x00000000d5800000,0x00000000d5900000,0x00000000d5900000)
  to   space 2048K, 0% used [0x00000000d5900000,0x00000000d5900000,0x00000000d5b00000)
 ParOldGen       total 509440K, used 509190K [0x0000000080000000, 0x000000009f180000, 0x00000000d5580000)
  object space 509440K, 99% used [0x0000000080000000,0x000000009f141838,0x000000009f180000)
 Metaspace       used 64458K, committed 65920K, reserved 1114112K
  class space    used 6726K, committed 7360K, reserved 1048576K
}
Event: 247.031 GC heap after
{Heap after GC invocations=415 (full 3):
 PSYoungGen      total 3584K, used 1120K [0x00000000d5580000, 0x00000000d5a80000, 0x0000000100000000)
  eden space 2048K, 0% used [0x00000000d5580000,0x00000000d5580000,0x00000000d5780000)
  from space 1536K, 72% used [0x00000000d5900000,0x00000000d5a18000,0x00000000d5a80000)
  to   space 1536K, 0% used [0x00000000d5780000,0x00000000d5780000,0x00000000d5900000)
 ParOldGen       total 510464K, used 510218K [0x0000000080000000, 0x000000009f280000, 0x00000000d5580000)
  object space 510464K, 99% used [0x0000000080000000,0x000000009f242848,0x000000009f280000)
 Metaspace       used 64458K, committed 65920K, reserved 1114112K
  class space    used 6726K, committed 7360K, reserved 1048576K
}
Event: 247.046 GC heap before
{Heap before GC invocations=416 (full 3):
 PSYoungGen      total 3584K, used 3168K [0x00000000d5580000, 0x00000000d5a80000, 0x0000000100000000)
  eden space 2048K, 100% used [0x00000000d5580000,0x00000000d5780000,0x00000000d5780000)
  from space 1536K, 72% used [0x00000000d5900000,0x00000000d5a18000,0x00000000d5a80000)
  to   space 1536K, 0% used [0x00000000d5780000,0x00000000d5780000,0x00000000d5900000)
 ParOldGen       total 510464K, used 510218K [0x0000000080000000, 0x000000009f280000, 0x00000000d5580000)
  object space 510464K, 99% used [0x0000000080000000,0x000000009f242848,0x000000009f280000)
 Metaspace       used 64493K, committed 65920K, reserved 1114112K
  class space    used 6730K, committed 7360K, reserved 1048576K
}
Event: 247.050 GC heap after
{Heap after GC invocations=416 (full 3):
 PSYoungGen      total 3584K, used 1376K [0x00000000d5580000, 0x00000000d5b00000, 0x0000000100000000)
  eden space 2048K, 0% used [0x00000000d5580000,0x00000000d5580000,0x00000000d5780000)
  from space 1536K, 89% used [0x00000000d5780000,0x00000000d58d8000,0x00000000d5900000)
  to   space 1536K, 0% used [0x00000000d5980000,0x00000000d5980000,0x00000000d5b00000)
 ParOldGen       total 511488K, used 511314K [0x0000000080000000, 0x000000009f380000, 0x00000000d5580000)
  object space 511488K, 99% used [0x0000000080000000,0x000000009f354848,0x000000009f380000)
 Metaspace       used 64493K, committed 65920K, reserved 1114112K
  class space    used 6730K, committed 7360K, reserved 1048576K
}
Event: 247.062 GC heap before
{Heap before GC invocations=417 (full 3):
 PSYoungGen      total 3584K, used 3424K [0x00000000d5580000, 0x00000000d5b00000, 0x0000000100000000)
  eden space 2048K, 100% used [0x00000000d5580000,0x00000000d5780000,0x00000000d5780000)
  from space 1536K, 89% used [0x00000000d5780000,0x00000000d58d8000,0x00000000d5900000)
  to   space 1536K, 0% used [0x00000000d5980000,0x00000000d5980000,0x00000000d5b00000)
 ParOldGen       total 511488K, used 511314K [0x0000000080000000, 0x000000009f380000, 0x00000000d5580000)
  object space 511488K, 99% used [0x0000000080000000,0x000000009f354848,0x000000009f380000)
 Metaspace       used 64554K, committed 65984K, reserved 1114112K
  class space    used 6734K, committed 7360K, reserved 1048576K
}
Event: 247.067 GC heap after
{Heap after GC invocations=417 (full 3):
 PSYoungGen      total 4096K, used 1248K [0x00000000d5580000, 0x00000000d5b00000, 0x0000000100000000)
  eden space 2560K, 0% used [0x00000000d5580000,0x00000000d5580000,0x00000000d5800000)
  from space 1536K, 81% used [0x00000000d5980000,0x00000000d5ab8000,0x00000000d5b00000)
  to   space 1536K, 0% used [0x00000000d5800000,0x00000000d5800000,0x00000000d5980000)
 ParOldGen       total 513024K, used 512602K [0x0000000080000000, 0x000000009f500000, 0x00000000d5580000)
  object space 513024K, 99% used [0x0000000080000000,0x000000009f496848,0x000000009f500000)
 Metaspace       used 64554K, committed 65984K, reserved 1114112K
  class space    used 6734K, committed 7360K, reserved 1048576K
}
Event: 247.165 GC heap before
{Heap before GC invocations=418 (full 3):
 PSYoungGen      total 4096K, used 3808K [0x00000000d5580000, 0x00000000d5b00000, 0x0000000100000000)
  eden space 2560K, 100% used [0x00000000d5580000,0x00000000d5800000,0x00000000d5800000)
  from space 1536K, 81% used [0x00000000d5980000,0x00000000d5ab8000,0x00000000d5b00000)
  to   space 1536K, 0% used [0x00000000d5800000,0x00000000d5800000,0x00000000d5980000)
 ParOldGen       total 513024K, used 512602K [0x0000000080000000, 0x000000009f500000, 0x00000000d5580000)
  object space 513024K, 99% used [0x0000000080000000,0x000000009f496848,0x000000009f500000)
 Metaspace       used 64637K, committed 66048K, reserved 1114112K
  class space    used 6739K, committed 7360K, reserved 1048576K
}
Event: 247.170 GC heap after
{Heap after GC invocations=418 (full 3):
 PSYoungGen      total 4096K, used 1536K [0x00000000d5580000, 0x00000000d5e00000, 0x0000000100000000)
  eden space 2560K, 0% used [0x00000000d5580000,0x00000000d5580000,0x00000000d5800000)
  from space 1536K, 100% used [0x00000000d5800000,0x00000000d5980000,0x00000000d5980000)
  to   space 3072K, 0% used [0x00000000d5b00000,0x00000000d5b00000,0x00000000d5e00000)
 ParOldGen       total 514048K, used 513834K [0x0000000080000000, 0x000000009f600000, 0x00000000d5580000)
  object space 514048K, 99% used [0x0000000080000000,0x000000009f5ca848,0x000000009f600000)
 Metaspace       used 64637K, committed 66048K, reserved 1114112K
  class space    used 6739K, committed 7360K, reserved 1048576K
}
Event: 247.185 GC heap before
{Heap before GC invocations=419 (full 3):
 PSYoungGen      total 4096K, used 4096K [0x00000000d5580000, 0x00000000d5e00000, 0x0000000100000000)
  eden space 2560K, 100% used [0x00000000d5580000,0x00000000d5800000,0x00000000d5800000)
  from space 1536K, 100% used [0x00000000d5800000,0x00000000d5980000,0x00000000d5980000)
  to   space 3072K, 0% used [0x00000000d5b00000,0x00000000d5b00000,0x00000000d5e00000)
 ParOldGen       total 514048K, used 513834K [0x0000000080000000, 0x000000009f600000, 0x00000000d5580000)
  object space 514048K, 99% used [0x0000000080000000,0x000000009f5ca848,0x000000009f600000)
 Metaspace       used 64673K, committed 66112K, reserved 1114112K
  class space    used 6745K, committed 7360K, reserved 1048576K
}
Event: 247.191 GC heap after
{Heap after GC invocations=419 (full 3):
 PSYoungGen      total 5120K, used 1600K [0x00000000d5580000, 0x00000000d5d00000, 0x0000000100000000)
  eden space 3072K, 0% used [0x00000000d5580000,0x00000000d5580000,0x00000000d5880000)
  from space 2048K, 78% used [0x00000000d5b00000,0x00000000d5c90000,0x00000000d5d00000)
  to   space 2048K, 0% used [0x00000000d5900000,0x00000000d5900000,0x00000000d5b00000)
 ParOldGen       total 515584K, used 515362K [0x0000000080000000, 0x000000009f780000, 0x00000000d5580000)
  object space 515584K, 99% used [0x0000000080000000,0x000000009f748848,0x000000009f780000)
 Metaspace       used 64673K, committed 66112K, reserved 1114112K
  class space    used 6745K, committed 7360K, reserved 1048576K
}
Event: 247.318 GC heap before
{Heap before GC invocations=420 (full 3):
 PSYoungGen      total 5120K, used 4671K [0x00000000d5580000, 0x00000000d5d00000, 0x0000000100000000)
  eden space 3072K, 99% used [0x00000000d5580000,0x00000000d587fff8,0x00000000d5880000)
  from space 2048K, 78% used [0x00000000d5b00000,0x00000000d5c90000,0x00000000d5d00000)
  to   space 2048K, 0% used [0x00000000d5900000,0x00000000d5900000,0x00000000d5b00000)
 ParOldGen       total 515584K, used 515362K [0x0000000080000000, 0x000000009f780000, 0x00000000d5580000)
  object space 515584K, 99% used [0x0000000080000000,0x000000009f748848,0x000000009f780000)
 Metaspace       used 64789K, committed 66176K, reserved 1114112K
  class space    used 6766K, committed 7360K, reserved 1048576K
}
Event: 247.324 GC heap after
{Heap after GC invocations=420 (full 3):
 PSYoungGen      total 5120K, used 1600K [0x00000000d5580000, 0x00000000d5c80000, 0x0000000100000000)
  eden space 3072K, 0% used [0x00000000d5580000,0x00000000d5580000,0x00000000d5880000)
  from space 2048K, 78% used [0x00000000d5900000,0x00000000d5a90000,0x00000000d5b00000)
  to   space 1536K, 0% used [0x00000000d5b00000,0x00000000d5b00000,0x00000000d5c80000)
 ParOldGen       total 517120K, used 516930K [0x0000000080000000, 0x000000009f900000, 0x00000000d5580000)
  object space 517120K, 99% used [0x0000000080000000,0x000000009f8d0848,0x000000009f900000)
 Metaspace       used 64789K, committed 66176K, reserved 1114112K
  class space    used 6766K, committed 7360K, reserved 1048576K
}
Event: 247.715 GC heap before
{Heap before GC invocations=421 (full 3):
 PSYoungGen      total 5120K, used 4672K [0x00000000d5580000, 0x00000000d5c80000, 0x0000000100000000)
  eden space 3072K, 100% used [0x00000000d5580000,0x00000000d5880000,0x00000000d5880000)
  from space 2048K, 78% used [0x00000000d5900000,0x00000000d5a90000,0x00000000d5b00000)
  to   space 1536K, 0% used [0x00000000d5b00000,0x00000000d5b00000,0x00000000d5c80000)
 ParOldGen       total 517120K, used 516930K [0x0000000080000000, 0x000000009f900000, 0x00000000d5580000)
  object space 517120K, 99% used [0x0000000080000000,0x000000009f8d0848,0x000000009f900000)
 Metaspace       used 64831K, committed 66240K, reserved 1114112K
  class space    used 6770K, committed 7360K, reserved 1048576K
}
Event: 247.722 GC heap after
{Heap after GC invocations=421 (full 3):
 PSYoungGen      total 4096K, used 936K [0x00000000d5580000, 0x00000000d5c00000, 0x0000000100000000)
  eden space 3072K, 0% used [0x00000000d5580000,0x00000000d5580000,0x00000000d5880000)
  from space 1024K, 91% used [0x00000000d5b00000,0x00000000d5bea2f0,0x00000000d5c00000)
  to   space 1536K, 0% used [0x00000000d5900000,0x00000000d5900000,0x00000000d5a80000)
 ParOldGen       total 518656K, used 518394K [0x0000000080000000, 0x000000009fa80000, 0x00000000d5580000)
  object space 518656K, 99% used [0x0000000080000000,0x000000009fa3e848,0x000000009fa80000)
 Metaspace       used 64831K, committed 66240K, reserved 1114112K
  class space    used 6770K, committed 7360K, reserved 1048576K
}
Event: 247.830 GC heap before
{Heap before GC invocations=422 (full 3):
 PSYoungGen      total 4096K, used 4008K [0x00000000d5580000, 0x00000000d5c00000, 0x0000000100000000)
  eden space 3072K, 100% used [0x00000000d5580000,0x00000000d5880000,0x00000000d5880000)
  from space 1024K, 91% used [0x00000000d5b00000,0x00000000d5bea2f0,0x00000000d5c00000)
  to   space 1536K, 0% used [0x00000000d5900000,0x00000000d5900000,0x00000000d5a80000)
 ParOldGen       total 518656K, used 518394K [0x0000000080000000, 0x000000009fa80000, 0x00000000d5580000)
  object space 518656K, 99% used [0x0000000080000000,0x000000009fa3e848,0x000000009fa80000)
 Metaspace       used 64961K, committed 66304K, reserved 1114112K
  class space    used 6774K, committed 7360K, reserved 1048576K
}
Event: 247.832 GC heap after
{Heap after GC invocations=422 (full 3):
 PSYoungGen      total 4608K, used 128K [0x00000000d5580000, 0x00000000d5b80000, 0x0000000100000000)
  eden space 3072K, 0% used [0x00000000d5580000,0x00000000d5580000,0x00000000d5880000)
  from space 1536K, 8% used [0x00000000d5900000,0x00000000d5920000,0x00000000d5a80000)
  to   space 512K, 0% used [0x00000000d5b00000,0x00000000d5b00000,0x00000000d5b80000)
 ParOldGen       total 518656K, used 518426K [0x0000000080000000, 0x000000009fa80000, 0x00000000d5580000)
  object space 518656K, 99% used [0x0000000080000000,0x000000009fa46848,0x000000009fa80000)
 Metaspace       used 64961K, committed 66304K, reserved 1114112K
  class space    used 6774K, committed 7360K, reserved 1048576K
}

Dll operation events (11 events):
Event: 0.267 Loaded shared library c:\Users\LG\.vscode\extensions\redhat.java-1.44.0-win32-x64\jre\21.0.8-win32-x86_64\bin\java.dll
Event: 2.166 Loaded shared library c:\Users\LG\.vscode\extensions\redhat.java-1.44.0-win32-x64\jre\21.0.8-win32-x86_64\bin\zip.dll
Event: 2.603 Loaded shared library C:\Users\LG\.vscode\extensions\redhat.java-1.44.0-win32-x64\jre\21.0.8-win32-x86_64\bin\instrument.dll
Event: 2.790 Loaded shared library C:\Users\LG\.vscode\extensions\redhat.java-1.44.0-win32-x64\jre\21.0.8-win32-x86_64\bin\net.dll
Event: 2.798 Loaded shared library C:\Users\LG\.vscode\extensions\redhat.java-1.44.0-win32-x64\jre\21.0.8-win32-x86_64\bin\nio.dll
Event: 2.833 Loaded shared library C:\Users\LG\.vscode\extensions\redhat.java-1.44.0-win32-x64\jre\21.0.8-win32-x86_64\bin\zip.dll
Event: 3.058 Loaded shared library C:\Users\LG\.vscode\extensions\redhat.java-1.44.0-win32-x64\jre\21.0.8-win32-x86_64\bin\jimage.dll
Event: 4.236 Loaded shared library c:\Users\LG\.vscode\extensions\redhat.java-1.44.0-win32-x64\jre\21.0.8-win32-x86_64\bin\verify.dll
Event: 17.280 Loaded shared library C:\Users\LG\AppData\Roaming\Code\User\globalStorage\redhat.java\1.44.0\config_win\org.eclipse.equinox.launcher\org.eclipse.equinox.launcher.win32.win32.x86_64_1.2.1400.v20250730-1736\eclipse_11913.dll
Event: 38.054 Loaded shared library C:\Users\LG\AppData\Local\Temp\jna-2427\jna10952797603704592500.dll
Event: 243.452 Loaded shared library C:\Users\LG\.vscode\extensions\redhat.java-1.44.0-win32-x64\jre\21.0.8-win32-x86_64\bin\sunmscapi.dll

Deoptimization events (20 events):
Event: 439.865 Thread 0x000001aa8a178850 Uncommon trap: trap_request=0xffffffde fr.pc=0x000001aa383d9800 relative=0x00000000000003c0
Event: 439.865 Thread 0x000001aa8a178850 Uncommon trap: reason=class_check action=maybe_recompile pc=0x000001aa383d9800 method=java.io.DataOutputStream.writeInt(I)V @ 19 c2
Event: 439.865 Thread 0x000001aa8a178850 DEOPT PACKING pc=0x000001aa383d9800 sp=0x00000063b5ffeeb0
Event: 439.865 Thread 0x000001aa8a178850 DEOPT UNPACKING pc=0x000001aa37cd3aa2 sp=0x00000063b5ffee58 mode 2
Event: 439.870 Thread 0x000001aa8a178850 Uncommon trap: trap_request=0xffffffde fr.pc=0x000001aa383d9800 relative=0x00000000000003c0
Event: 439.870 Thread 0x000001aa8a178850 Uncommon trap: reason=class_check action=maybe_recompile pc=0x000001aa383d9800 method=java.io.DataOutputStream.writeInt(I)V @ 19 c2
Event: 439.870 Thread 0x000001aa8a178850 DEOPT PACKING pc=0x000001aa383d9800 sp=0x00000063b5ffec40
Event: 439.870 Thread 0x000001aa8a178850 DEOPT UNPACKING pc=0x000001aa37cd3aa2 sp=0x00000063b5ffebe8 mode 2
Event: 439.870 Thread 0x000001aa8a178850 Uncommon trap: trap_request=0xffffffde fr.pc=0x000001aa383d9800 relative=0x00000000000003c0
Event: 439.870 Thread 0x000001aa8a178850 Uncommon trap: reason=class_check action=maybe_recompile pc=0x000001aa383d9800 method=java.io.DataOutputStream.writeInt(I)V @ 19 c2
Event: 439.870 Thread 0x000001aa8a178850 DEOPT PACKING pc=0x000001aa383d9800 sp=0x00000063b5ffebd0
Event: 439.870 Thread 0x000001aa8a178850 DEOPT UNPACKING pc=0x000001aa37cd3aa2 sp=0x00000063b5ffeb78 mode 2
Event: 439.875 Thread 0x000001aa8a178850 Uncommon trap: trap_request=0xffffff45 fr.pc=0x000001aa383f3bcc relative=0x00000000000001ac
Event: 439.875 Thread 0x000001aa8a178850 Uncommon trap: reason=unstable_if action=reinterpret pc=0x000001aa383f3bcc method=jdk.internal.org.objectweb.asm.Frame.push(I)V @ 26 c2
Event: 439.875 Thread 0x000001aa8a178850 DEOPT PACKING pc=0x000001aa383f3bcc sp=0x00000063b5ffd460
Event: 439.875 Thread 0x000001aa8a178850 DEOPT UNPACKING pc=0x000001aa37cd3aa2 sp=0x00000063b5ffd3e8 mode 2
Event: 440.014 Thread 0x000001aa8a178850 Uncommon trap: trap_request=0xffffffc6 fr.pc=0x000001aa38aa78a0 relative=0x0000000000003120
Event: 440.014 Thread 0x000001aa8a178850 Uncommon trap: reason=bimorphic_or_optimized_type_check action=maybe_recompile pc=0x000001aa38aa78a0 method=java.util.Properties.load0(Ljava/util/Properties$LineReader;)V @ 241 c2
Event: 440.014 Thread 0x000001aa8a178850 DEOPT PACKING pc=0x000001aa38aa78a0 sp=0x00000063b5ffee00
Event: 440.014 Thread 0x000001aa8a178850 DEOPT UNPACKING pc=0x000001aa37cd3aa2 sp=0x00000063b5ffee10 mode 2

Classes loaded (20 events):
Event: 245.490 Loading class java/util/zip/GZIPInputStream$1
Event: 245.490 Loading class java/util/zip/GZIPInputStream$1 done
Event: 246.137 Loading class jdk/internal/ref/CleanerImpl$InnocuousThreadFactory
Event: 246.165 Loading class jdk/internal/ref/CleanerImpl$InnocuousThreadFactory done
Event: 439.719 Loading class java/util/stream/Nodes$CollectorTask$OfRef
Event: 439.731 Loading class java/util/stream/Nodes$CollectorTask
Event: 439.735 Loading class java/util/stream/Nodes$CollectorTask done
Event: 439.735 Loading class java/util/stream/Nodes$CollectorTask$OfRef done
Event: 439.736 Loading class java/util/function/LongFunction
Event: 439.736 Loading class java/util/function/LongFunction done
Event: 439.738 Loading class java/util/stream/Nodes$ConcNode
Event: 439.742 Loading class java/util/stream/Nodes$AbstractConcNode
Event: 439.746 Loading class java/util/stream/Nodes$AbstractConcNode done
Event: 439.746 Loading class java/util/stream/Nodes$ConcNode done
Event: 439.792 Loading class java/io/ObjectOutputStream$BlockDataOutputStream
Event: 439.793 Loading class java/io/ObjectOutputStream$BlockDataOutputStream done
Event: 439.794 Loading class java/io/ObjectOutputStream$HandleTable
Event: 439.795 Loading class java/io/ObjectOutputStream$HandleTable done
Event: 439.795 Loading class java/io/ObjectOutputStream$ReplaceTable
Event: 439.795 Loading class java/io/ObjectOutputStream$ReplaceTable done

Classes unloaded (7 events):
Event: 47.194 Thread 0x000001aa2b47ebb0 Unloading class 0x000001aa451ac800 'java/lang/invoke/LambdaForm$MH+0x000001aa451ac800'
Event: 47.194 Thread 0x000001aa2b47ebb0 Unloading class 0x000001aa451ac400 'java/lang/invoke/LambdaForm$MH+0x000001aa451ac400'
Event: 47.194 Thread 0x000001aa2b47ebb0 Unloading class 0x000001aa451ac000 'java/lang/invoke/LambdaForm$MH+0x000001aa451ac000'
Event: 47.194 Thread 0x000001aa2b47ebb0 Unloading class 0x000001aa451abc00 'java/lang/invoke/LambdaForm$MH+0x000001aa451abc00'
Event: 47.194 Thread 0x000001aa2b47ebb0 Unloading class 0x000001aa451ab800 'java/lang/invoke/LambdaForm$BMH+0x000001aa451ab800'
Event: 47.194 Thread 0x000001aa2b47ebb0 Unloading class 0x000001aa451ab400 'java/lang/invoke/LambdaForm$DMH+0x000001aa451ab400'
Event: 47.194 Thread 0x000001aa2b47ebb0 Unloading class 0x000001aa451aa000 'java/lang/invoke/LambdaForm$DMH+0x000001aa451aa000'

Classes redefined (0 events):
No events

Internal exceptions (20 events):
Event: 208.284 Thread 0x000001aa8a1774a0 Exception <a 'sun/nio/fs/WindowsException'{0x00000000d5e834c8}> (0x00000000d5e834c8) 
thrown [s\src\hotspot\share\prims\jni.cpp, line 520]
Event: 208.284 Thread 0x000001aa8a1774a0 Exception <a 'sun/nio/fs/WindowsException'{0x00000000d5e84130}> (0x00000000d5e84130) 
thrown [s\src\hotspot\share\prims\jni.cpp, line 520]
Event: 208.284 Thread 0x000001aa8a1774a0 Exception <a 'sun/nio/fs/WindowsException'{0x00000000d5e84760}> (0x00000000d5e84760) 
thrown [s\src\hotspot\share\prims\jni.cpp, line 520]
Event: 208.285 Thread 0x000001aa8a1774a0 Exception <a 'sun/nio/fs/WindowsException'{0x00000000d5e85a50}> (0x00000000d5e85a50) 
thrown [s\src\hotspot\share\prims\jni.cpp, line 520]
Event: 208.285 Thread 0x000001aa8a1774a0 Exception <a 'sun/nio/fs/WindowsException'{0x00000000d5e86080}> (0x00000000d5e86080) 
thrown [s\src\hotspot\share\prims\jni.cpp, line 520]
Event: 208.355 Thread 0x000001aa8ad72210 Exception <a 'java/lang/IncompatibleClassChangeError'{0x00000000d5a0a3a0}: Found class java.lang.Object, but interface was expected> (0x00000000d5a0a3a0) 
thrown [s\src\hotspot\share\interpreter\linkResolver.cpp, line 840]
Event: 210.869 Thread 0x000001aa8a1774a0 Exception <a 'java/lang/NoSuchMethodError'{0x00000000d5ed23a8}: 'java.lang.Object java.lang.invoke.DirectMethodHandle$Holder.invokeStatic(java.lang.Object, java.lang.Object, int, java.lang.Object)'> (0x00000000d5ed23a8) 
thrown [s\src\hotspot\share\interpreter\linkResolver.cpp, line 773]
Event: 210.870 Thread 0x000001aa8a1774a0 Exception <a 'java/lang/NoSuchMethodError'{0x00000000d5ed90d0}: 'java.lang.Object java.lang.invoke.DirectMethodHandle$Holder.newInvokeSpecial(java.lang.Object, java.lang.Object, int)'> (0x00000000d5ed90d0) 
thrown [s\src\hotspot\share\interpreter\linkResolver.cpp, line 773]
Event: 240.643 Thread 0x000001aa8a1760f0 Exception <a 'sun/nio/fs/WindowsException'{0x00000000d5594bc8}> (0x00000000d5594bc8) 
thrown [s\src\hotspot\share\prims\jni.cpp, line 520]
Event: 243.129 Thread 0x000001aa8ad72210 Exception <a 'java/lang/IncompatibleClassChangeError'{0x00000000d56f6d18}: Found class java.lang.Object, but interface was expected> (0x00000000d56f6d18) 
thrown [s\src\hotspot\share\interpreter\linkResolver.cpp, line 840]
Event: 243.704 Thread 0x000001aa8ad75000 Exception <a 'sun/nio/fs/WindowsException'{0x00000000d55bc0b0}> (0x00000000d55bc0b0) 
thrown [s\src\hotspot\share\prims\jni.cpp, line 520]
Event: 243.939 Thread 0x000001aa8ad735c0 Exception <a 'sun/nio/fs/WindowsException'{0x00000000d5694208}> (0x00000000d5694208) 
thrown [s\src\hotspot\share\prims\jni.cpp, line 520]
Event: 243.939 Thread 0x000001aa8ad735c0 Exception <a 'sun/nio/fs/WindowsException'{0x00000000d5694ae8}> (0x00000000d5694ae8) 
thrown [s\src\hotspot\share\prims\jni.cpp, line 520]
Event: 243.939 Thread 0x000001aa8ad735c0 Exception <a 'sun/nio/fs/WindowsException'{0x00000000d5695a00}> (0x00000000d5695a00) 
thrown [s\src\hotspot\share\prims\jni.cpp, line 520]
Event: 243.940 Thread 0x000001aa8ad735c0 Exception <a 'sun/nio/fs/WindowsException'{0x00000000d56962e0}> (0x00000000d56962e0) 
thrown [s\src\hotspot\share\prims\jni.cpp, line 520]
Event: 243.941 Thread 0x000001aa8ad735c0 Exception <a 'sun/nio/fs/WindowsException'{0x00000000d56a8e80}> (0x00000000d56a8e80) 
thrown [s\src\hotspot\share\prims\jni.cpp, line 520]
Event: 243.941 Thread 0x000001aa8ad735c0 Exception <a 'sun/nio/fs/WindowsException'{0x00000000d56a9760}> (0x00000000d56a9760) 
thrown [s\src\hotspot\share\prims\jni.cpp, line 520]
Event: 247.181 Thread 0x000001aa8ad75d20 Exception <a 'java/lang/NoSuchMethodError'{0x00000000d5752640}: 'java.lang.Object java.lang.invoke.DirectMethodHandle$Holder.invokeStatic(java.lang.Object, int, java.lang.Object, java.lang.Object, java.lang.Object, java.lang.Object)'> (0x00000000d5752640) 
thrown [s\src\hotspot\share\interpreter\linkResolver.cpp, line 773]
Event: 279.220 Thread 0x000001aa8ad72210 Exception <a 'java/lang/IncompatibleClassChangeError'{0x00000000d567e138}: Found class java.lang.Object, but interface was expected> (0x00000000d567e138) 
thrown [s\src\hotspot\share\interpreter\linkResolver.cpp, line 840]
Event: 439.879 Thread 0x000001aa8a178850 Exception <a 'java/lang/NoSuchMethodError'{0x00000000d57e7900}: 'java.lang.Object java.lang.invoke.DirectMethodHandle$Holder.newInvokeSpecial(java.lang.Object, java.lang.Object, java.lang.Object, java.lang.Object, java.lang.Object, java.lang.Object, java.lang.Object, java.lang.Object)'> (0x00000000d57e7900) 
thrown [s\src\hotspot\share\interpreter\linkResolver.cpp, line 773]

ZGC Phase Switch (0 events):
No events

VM Operations (20 events):
Event: 1444.128 Executing VM operation: HandshakeAllThreads (HandshakeForDeflation)
Event: 1444.128 Executing VM operation: HandshakeAllThreads (HandshakeForDeflation) done
Event: 1444.128 Executing VM operation: RendezvousGCThreads
Event: 1444.128 Executing VM operation: RendezvousGCThreads done
Event: 1857.426 Executing VM operation: Cleanup
Event: 1857.426 Executing VM operation: Cleanup done
Event: 1865.127 Executing VM operation: HandshakeAllThreads (HandshakeForDeflation)
Event: 1865.127 Executing VM operation: HandshakeAllThreads (HandshakeForDeflation) done
Event: 1865.127 Executing VM operation: RendezvousGCThreads
Event: 1865.127 Executing VM operation: RendezvousGCThreads done
Event: 1985.426 Executing VM operation: HandshakeAllThreads (HandshakeForDeflation)
Event: 1985.426 Executing VM operation: HandshakeAllThreads (HandshakeForDeflation) done
Event: 1985.426 Executing VM operation: RendezvousGCThreads
Event: 1985.426 Executing VM operation: RendezvousGCThreads done
Event: 2141.204 Executing VM operation: Cleanup
Event: 2141.205 Executing VM operation: Cleanup done
Event: 2165.781 Executing VM operation: HandshakeAllThreads (HandshakeForDeflation)
Event: 2165.781 Executing VM operation: HandshakeAllThreads (HandshakeForDeflation) done
Event: 2165.781 Executing VM operation: RendezvousGCThreads
Event: 2165.781 Executing VM operation: RendezvousGCThreads done

Memory protections (0 events):
No events

Nmethod flushes (20 events):
Event: 201.795 Thread 0x000001aa2b47ebb0 flushing  nmethod 0x000001aa31081e90
Event: 201.795 Thread 0x000001aa2b47ebb0 flushing  nmethod 0x000001aa310d2990
Event: 201.795 Thread 0x000001aa2b47ebb0 flushing  nmethod 0x000001aa310d3e10
Event: 201.795 Thread 0x000001aa2b47ebb0 flushing  nmethod 0x000001aa310d8190
Event: 201.795 Thread 0x000001aa2b47ebb0 flushing  nmethod 0x000001aa310d9290
Event: 201.795 Thread 0x000001aa2b47ebb0 flushing osr nmethod 0x000001aa310db890
Event: 201.795 Thread 0x000001aa2b47ebb0 flushing  nmethod 0x000001aa310f5a90
Event: 201.795 Thread 0x000001aa2b47ebb0 flushing  nmethod 0x000001aa310fbd90
Event: 201.795 Thread 0x000001aa2b47ebb0 flushing osr nmethod 0x000001aa3110eb10
Event: 201.795 Thread 0x000001aa2b47ebb0 flushing  nmethod 0x000001aa3111b210
Event: 201.795 Thread 0x000001aa2b47ebb0 flushing  nmethod 0x000001aa31131290
Event: 201.795 Thread 0x000001aa2b47ebb0 flushing  nmethod 0x000001aa31134a90
Event: 201.795 Thread 0x000001aa2b47ebb0 flushing  nmethod 0x000001aa31160e10
Event: 201.795 Thread 0x000001aa2b47ebb0 flushing  nmethod 0x000001aa31188c10
Event: 201.795 Thread 0x000001aa2b47ebb0 flushing  nmethod 0x000001aa31189c90
Event: 201.795 Thread 0x000001aa2b47ebb0 flushing  nmethod 0x000001aa311b2990
Event: 201.795 Thread 0x000001aa2b47ebb0 flushing  nmethod 0x000001aa311b7790
Event: 201.795 Thread 0x000001aa2b47ebb0 flushing  nmethod 0x000001aa311b7d90
Event: 201.795 Thread 0x000001aa2b47ebb0 flushing  nmethod 0x000001aa311b8610
Event: 201.795 Thread 0x000001aa2b47ebb0 flushing  nmethod 0x000001aa311bcc10

Events (20 events):
Event: 241.457 Thread 0x000001aa8de188f0 Thread exited: 0x000001aa8de188f0
Event: 243.273 Thread 0x000001aa8ad735c0 Thread added: 0x000001aa8ad75000
Event: 243.948 Thread 0x000001aa43fa7ca0 Thread added: 0x000001aa8daa43b0
Event: 246.166 Thread 0x000001aa8ad75d20 Thread added: 0x000001aa8b2fec60
Event: 246.935 Thread 0x000001aa8daa43b0 Thread exited: 0x000001aa8daa43b0
Event: 247.204 Thread 0x000001aa8ad75000 Thread exited: 0x000001aa8ad75000
Event: 247.365 Thread 0x000001aa43fa7ca0 Thread added: 0x000001aa8d793f40
Event: 253.406 Thread 0x000001aa8d793f40 Thread exited: 0x000001aa8d793f40
Event: 271.616 Thread 0x000001aa8a1774a0 Thread exited: 0x000001aa8a1774a0
Event: 302.873 Thread 0x000001aa8a176780 Thread exited: 0x000001aa8a176780
Event: 304.813 Thread 0x000001aa8a177b30 Thread exited: 0x000001aa8a177b30
Event: 308.062 Thread 0x000001aa8ad75d20 Thread exited: 0x000001aa8ad75d20
Event: 368.252 Thread 0x000001aa8a176e10 Thread exited: 0x000001aa8a176e10
Event: 428.370 Thread 0x000001aa8ad735c0 Thread exited: 0x000001aa8ad735c0
Event: 439.635 Thread 0x000001aa8a178850 Thread added: 0x000001aa8b2fc500
Event: 439.753 Thread 0x000001aa8b2fc500 Thread exited: 0x000001aa8b2fc500
Event: 460.149 Thread 0x000001aa8ad72f30 Thread exited: 0x000001aa8ad72f30
Event: 460.214 Thread 0x000001aa8ad70140 Thread exited: 0x000001aa8ad70140
Event: 482.827 Thread 0x000001aa8ad707d0 Thread exited: 0x000001aa8ad707d0
Event: 482.871 Thread 0x000001aa8ad71b80 Thread exited: 0x000001aa8ad71b80


Dynamic libraries:
0x00007ff716a30000 - 0x00007ff716a3e000 	c:\Users\LG\.vscode\extensions\redhat.java-1.44.0-win32-x64\jre\21.0.8-win32-x86_64\bin\java.exe
0x00007ffd87550000 - 0x00007ffd87748000 	C:\WINDOWS\SYSTEM32\ntdll.dll
0x00007ffd86e60000 - 0x00007ffd86f22000 	C:\WINDOWS\System32\KERNEL32.DLL
0x00007ffd84fe0000 - 0x00007ffd852d6000 	C:\WINDOWS\System32\KERNELBASE.dll
0x00007ffd84be0000 - 0x00007ffd84ce0000 	C:\WINDOWS\System32\ucrtbase.dll
0x00007ffd73180000 - 0x00007ffd73198000 	c:\Users\LG\.vscode\extensions\redhat.java-1.44.0-win32-x64\jre\21.0.8-win32-x86_64\bin\jli.dll
0x00007ffd864b0000 - 0x00007ffd8664d000 	C:\WINDOWS\System32\USER32.dll
0x00007ffd84db0000 - 0x00007ffd84dd2000 	C:\WINDOWS\System32\win32u.dll
0x00007ffd86e30000 - 0x00007ffd86e5b000 	C:\WINDOWS\System32\GDI32.dll
0x00007ffd84e90000 - 0x00007ffd84fa9000 	C:\WINDOWS\System32\gdi32full.dll
0x00007ffd85440000 - 0x00007ffd854dd000 	C:\WINDOWS\System32\msvcp_win.dll
0x00007ffd6e6e0000 - 0x00007ffd6e6fe000 	c:\Users\LG\.vscode\extensions\redhat.java-1.44.0-win32-x64\jre\21.0.8-win32-x86_64\bin\VCRUNTIME140.dll
0x00007ffd74520000 - 0x00007ffd747ba000 	C:\WINDOWS\WinSxS\amd64_microsoft.windows.common-controls_6595b64144ccf1df_6.0.19041.5915_none_60b4b9d171f9c7c7\COMCTL32.dll
0x00007ffd85750000 - 0x00007ffd857ee000 	C:\WINDOWS\System32\msvcrt.dll
0x00007ffd85570000 - 0x00007ffd8559f000 	C:\WINDOWS\System32\IMM32.DLL
0x00007ffd7daa0000 - 0x00007ffd7daac000 	c:\Users\LG\.vscode\extensions\redhat.java-1.44.0-win32-x64\jre\21.0.8-win32-x86_64\bin\vcruntime140_1.dll
0x00007ffd5c780000 - 0x00007ffd5c80d000 	c:\Users\LG\.vscode\extensions\redhat.java-1.44.0-win32-x64\jre\21.0.8-win32-x86_64\bin\msvcp140.dll
0x00007ffd05d70000 - 0x00007ffd06b07000 	c:\Users\LG\.vscode\extensions\redhat.java-1.44.0-win32-x64\jre\21.0.8-win32-x86_64\bin\server\jvm.dll
0x00007ffd86ce0000 - 0x00007ffd86d91000 	C:\WINDOWS\System32\ADVAPI32.dll
0x00007ffd86ac0000 - 0x00007ffd86b5f000 	C:\WINDOWS\System32\sechost.dll
0x00007ffd857f0000 - 0x00007ffd85913000 	C:\WINDOWS\System32\RPCRT4.dll
0x00007ffd84fb0000 - 0x00007ffd84fd7000 	C:\WINDOWS\System32\bcrypt.dll
0x00007ffd874a0000 - 0x00007ffd8750b000 	C:\WINDOWS\System32\WS2_32.dll
0x00007ffd84a40000 - 0x00007ffd84a8b000 	C:\WINDOWS\SYSTEM32\POWRPROF.dll
0x00007ffd73c80000 - 0x00007ffd73ca7000 	C:\WINDOWS\SYSTEM32\WINMM.dll
0x00007ffd73af0000 - 0x00007ffd73afa000 	C:\WINDOWS\SYSTEM32\VERSION.dll
0x00007ffd84a20000 - 0x00007ffd84a32000 	C:\WINDOWS\SYSTEM32\UMPDC.dll
0x00007ffd82c40000 - 0x00007ffd82c52000 	C:\WINDOWS\SYSTEM32\kernel.appcore.dll
0x00007ffd7d340000 - 0x00007ffd7d34a000 	c:\Users\LG\.vscode\extensions\redhat.java-1.44.0-win32-x64\jre\21.0.8-win32-x86_64\bin\jimage.dll
0x00007ffd82800000 - 0x00007ffd82a01000 	C:\WINDOWS\SYSTEM32\DBGHELP.DLL
0x00007ffd6f350000 - 0x00007ffd6f384000 	C:\WINDOWS\SYSTEM32\dbgcore.DLL
0x00007ffd854e0000 - 0x00007ffd85562000 	C:\WINDOWS\System32\bcryptPrimitives.dll
0x00007ffd7d0e0000 - 0x00007ffd7d0ef000 	c:\Users\LG\.vscode\extensions\redhat.java-1.44.0-win32-x64\jre\21.0.8-win32-x86_64\bin\instrument.dll
0x00007ffd6c250000 - 0x00007ffd6c26f000 	c:\Users\LG\.vscode\extensions\redhat.java-1.44.0-win32-x64\jre\21.0.8-win32-x86_64\bin\java.dll
0x00007ffd85920000 - 0x00007ffd8608e000 	C:\WINDOWS\System32\SHELL32.dll
0x00007ffd82c60000 - 0x00007ffd83404000 	C:\WINDOWS\SYSTEM32\windows.storage.dll
0x00007ffd87010000 - 0x00007ffd87363000 	C:\WINDOWS\System32\combase.dll
0x00007ffd84540000 - 0x00007ffd8456b000 	C:\WINDOWS\SYSTEM32\Wldp.dll
0x00007ffd87370000 - 0x00007ffd8743d000 	C:\WINDOWS\System32\OLEAUT32.dll
0x00007ffd86bc0000 - 0x00007ffd86c6d000 	C:\WINDOWS\System32\SHCORE.dll
0x00007ffd861c0000 - 0x00007ffd8621b000 	C:\WINDOWS\System32\shlwapi.dll
0x00007ffd84b10000 - 0x00007ffd84b34000 	C:\WINDOWS\SYSTEM32\profapi.dll
0x00007ffd6ae40000 - 0x00007ffd6ae58000 	c:\Users\LG\.vscode\extensions\redhat.java-1.44.0-win32-x64\jre\21.0.8-win32-x86_64\bin\zip.dll
0x00007ffd7a440000 - 0x00007ffd7a450000 	C:\Users\LG\.vscode\extensions\redhat.java-1.44.0-win32-x64\jre\21.0.8-win32-x86_64\bin\net.dll
0x00007ffd76590000 - 0x00007ffd7669a000 	C:\WINDOWS\SYSTEM32\WINHTTP.dll
0x00007ffd842a0000 - 0x00007ffd8430a000 	C:\WINDOWS\system32\mswsock.dll
0x00007ffd69ce0000 - 0x00007ffd69cf6000 	C:\Users\LG\.vscode\extensions\redhat.java-1.44.0-win32-x64\jre\21.0.8-win32-x86_64\bin\nio.dll
0x00007ffd73cc0000 - 0x00007ffd73cd0000 	c:\Users\LG\.vscode\extensions\redhat.java-1.44.0-win32-x64\jre\21.0.8-win32-x86_64\bin\verify.dll
0x00007ffd5d990000 - 0x00007ffd5d9d5000 	C:\Users\LG\AppData\Roaming\Code\User\globalStorage\redhat.java\1.44.0\config_win\org.eclipse.equinox.launcher\org.eclipse.equinox.launcher.win32.win32.x86_64_1.2.1400.v20250730-1736\eclipse_11913.dll
0x00007ffd86090000 - 0x00007ffd861bb000 	C:\WINDOWS\System32\ole32.dll
0x00007ffd844a0000 - 0x00007ffd844b8000 	C:\WINDOWS\SYSTEM32\CRYPTSP.dll
0x00007ffd83bc0000 - 0x00007ffd83bf8000 	C:\WINDOWS\system32\rsaenh.dll
0x00007ffd84ad0000 - 0x00007ffd84afe000 	C:\WINDOWS\SYSTEM32\USERENV.dll
0x00007ffd84490000 - 0x00007ffd8449c000 	C:\WINDOWS\SYSTEM32\CRYPTBASE.dll
0x00007ffd83f80000 - 0x00007ffd83fbb000 	C:\WINDOWS\SYSTEM32\IPHLPAPI.DLL
0x00007ffd86c70000 - 0x00007ffd86c78000 	C:\WINDOWS\System32\NSI.dll
0x00007ffd5b470000 - 0x00007ffd5b4b9000 	C:\Users\LG\AppData\Local\Temp\jna-2427\jna10952797603704592500.dll
0x00007ffd86350000 - 0x00007ffd86358000 	C:\WINDOWS\System32\PSAPI.DLL
0x00007ffd78c80000 - 0x00007ffd78c97000 	C:\WINDOWS\SYSTEM32\dhcpcsvc6.DLL
0x00007ffd79170000 - 0x00007ffd7918d000 	C:\WINDOWS\SYSTEM32\dhcpcsvc.DLL
0x00007ffd6e2f0000 - 0x00007ffd6e2fe000 	C:\Users\LG\.vscode\extensions\redhat.java-1.44.0-win32-x64\jre\21.0.8-win32-x86_64\bin\sunmscapi.dll
0x00007ffd852e0000 - 0x00007ffd8543d000 	C:\WINDOWS\System32\CRYPT32.dll
0x00007ffd845b0000 - 0x00007ffd845d7000 	C:\WINDOWS\SYSTEM32\ncrypt.dll
0x00007ffd84570000 - 0x00007ffd845ab000 	C:\WINDOWS\SYSTEM32\NTASN1.dll

JVMTI agents:
c:\Users\LG\.vscode\extensions\redhat.java-1.44.0-win32-x64\lombok\lombok-1.18.39-4050.jar path:c:\Users\LG\.vscode\extensions\redhat.java-1.44.0-win32-x64\jre\21.0.8-win32-x86_64\bin\instrument.dll, loaded, initialized, instrumentlib options:none

dbghelp: loaded successfully - version: 4.0.5 - missing functions: none
symbol engine: initialized successfully - sym options: 0x614 - pdb path: .;c:\Users\LG\.vscode\extensions\redhat.java-1.44.0-win32-x64\jre\21.0.8-win32-x86_64\bin;C:\WINDOWS\SYSTEM32;C:\WINDOWS\WinSxS\amd64_microsoft.windows.common-controls_6595b64144ccf1df_6.0.19041.5915_none_60b4b9d171f9c7c7;c:\Users\LG\.vscode\extensions\redhat.java-1.44.0-win32-x64\jre\21.0.8-win32-x86_64\bin\server;C:\Users\LG\AppData\Roaming\Code\User\globalStorage\redhat.java\1.44.0\config_win\org.eclipse.equinox.launcher\org.eclipse.equinox.launcher.win32.win32.x86_64_1.2.1400.v20250730-1736;C:\Users\LG\AppData\Local\Temp\jna-2427

VM Arguments:
jvm_args: --add-modules=ALL-SYSTEM --add-opens=java.base/java.util=ALL-UNNAMED --add-opens=java.base/java.lang=ALL-UNNAMED --add-opens=java.base/sun.nio.fs=ALL-UNNAMED -Declipse.application=org.eclipse.jdt.ls.core.id1 -Dosgi.bundles.defaultStartLevel=4 -Declipse.product=org.eclipse.jdt.ls.core.product -Djava.import.generatesMetadataFilesAtProjectRoot=false -DDetectVMInstallationsJob.disabled=true -Dfile.encoding=utf8 -XX:+UseParallelGC -XX:GCTimeRatio=4 -XX:AdaptiveSizePolicyWeight=90 -Dsun.zip.disableMemoryMapping=true -Xmx2G -Xms100m -Xlog:disable -javaagent:c:\Users\LG\.vscode\extensions\redhat.java-1.44.0-win32-x64\lombok\lombok-1.18.39-4050.jar -XX:+HeapDumpOnOutOfMemoryError -XX:HeapDumpPath=c:\Users\LG\AppData\Roaming\Code\User\workspaceStorage\b670fac5eefa02099aaa565173ac04c4\redhat.java -Daether.dependencyCollector.impl=bf 
java_command: c:\Users\LG\.vscode\extensions\redhat.java-1.44.0-win32-x64\server\plugins\org.eclipse.equinox.launcher_1.7.0.v20250519-0528.jar -configuration c:\Users\LG\AppData\Roaming\Code\User\globalStorage\redhat.java\1.44.0\config_win -data c:\Users\LG\AppData\Roaming\Code\User\workspaceStorage\b670fac5eefa02099aaa565173ac04c4\redhat.java\jdt_ws --pipe=\\.\pipe\lsp-a712ab2842735fc4c6563f8730bd2790-sock
java_class_path (initial): c:\Users\LG\.vscode\extensions\redhat.java-1.44.0-win32-x64\server\plugins\org.eclipse.equinox.launcher_1.7.0.v20250519-0528.jar
Launcher Type: SUN_STANDARD

[Global flags]
    uintx AdaptiveSizePolicyWeight                 = 90                                        {product} {command line}
     intx CICompilerCount                          = 3                                         {product} {ergonomic}
    uintx GCTimeRatio                              = 4                                         {product} {command line}
     bool HeapDumpOnOutOfMemoryError               = true                                   {manageable} {command line}
    ccstr HeapDumpPath                             = c:\Users\LG\AppData\Roaming\Code\User\workspaceStorage\b670fac5eefa02099aaa565173ac04c4\redhat.java         {manageable} {command line}
   size_t InitialHeapSize                          = 104857600                                 {product} {command line}
   size_t MaxHeapSize                              = 2147483648                                {product} {command line}
   size_t MaxNewSize                               = 715653120                                 {product} {ergonomic}
   size_t MinHeapDeltaBytes                        = 524288                                    {product} {ergonomic}
   size_t MinHeapSize                              = 104857600                                 {product} {command line}
   size_t NewSize                                  = 34603008                                  {product} {ergonomic}
    uintx NonNMethodCodeHeapSize                   = 5832780                                {pd product} {ergonomic}
    uintx NonProfiledCodeHeapSize                  = 122912730                              {pd product} {ergonomic}
   size_t OldSize                                  = 70254592                                  {product} {ergonomic}
    uintx ProfiledCodeHeapSize                     = 122912730                              {pd product} {ergonomic}
    uintx ReservedCodeCacheSize                    = 251658240                              {pd product} {ergonomic}
     bool SegmentedCodeCache                       = true                                      {product} {ergonomic}
   size_t SoftMaxHeapSize                          = 2147483648                             {manageable} {ergonomic}
     bool UseCompressedOops                        = true                           {product lp64_product} {ergonomic}
     bool UseLargePagesIndividualAllocation        = false                                  {pd product} {ergonomic}
     bool UseParallelGC                            = true                                      {product} {command line}

Logging:
Log output configuration:
 #0: stdout all=off uptime,level,tags foldmultilines=false
 #1: stderr all=off uptime,level,tags foldmultilines=false

Environment Variables:
PATH=C:\Python313\Scripts\;C:\Python313\;C:\Program Files\Common Files\Oracle\Java\javapath;C:\WINDOWS\system32;C:\WINDOWS;C:\WINDOWS\System32\Wbem;C:\WINDOWS\System32\WindowsPowerShell\v1.0\;C:\WINDOWS\System32\OpenSSH\;C:\Program Files (x86)\Microsoft SQL Server\160\DTS\Binn\;C:\Program Files (x86)\Microsoft SQL Server\160\Tools\Binn\;C:\Program Files\Microsoft SQL Server\160\Tools\Binn\;C:\Program Files\Microsoft SQL Server\Client SDK\ODBC\170\Tools\Binn\;C:\Program Files\Microsoft SQL Server\160\DTS\Binn\;C:\Program Files\nodejs\;C:\ProgramData\chocolatey\bin;C:\Program Files\Java\jdk-23\bin;C:\Program Files\Git\cmd;C:\Users\LG\AppData\Local\Microsoft\WindowsApps;C:\Users\LG\AppData\Local\Programs\Microsoft VS Code\bin;C:\Users\LG\AppData\Roaming\npm
USERNAME=LG
OS=Windows_NT
PROCESSOR_IDENTIFIER=Intel64 Family 6 Model 69 Stepping 1, GenuineIntel
TMP=C:\Users\LG\AppData\Local\Temp
TEMP=C:\Users\LG\AppData\Local\Temp




Periodic native trim disabled

---------------  S Y S T E M  ---------------

OS:
 Windows 10 , 64 bit Build 19041 (10.0.19041.5915)
OS uptime: 7 days 16:15 hours

CPU: total 4 (initial active 4) (2 cores per cpu, 2 threads per core) family 6 model 69 stepping 1 microcode 0x25, cx8, cmov, fxsr, ht, mmx, sse, sse2, sse3, ssse3, sse4.1, sse4.2, popcnt, lzcnt, tsc, tscinvbit, avx, avx2, aes, erms, clmul, bmi1, bmi2, fma, vzeroupper, clflush, rdtscp, f16c
Processor Information for the first 4 processors :
  Max Mhz: 2301, Current Mhz: 2300, Mhz Limit: 2277

Memory: 4k page, system-wide physical 8099M (409M free)
TotalPageFile size 23206M (AvailPageFile size 79M)
current process WorkingSet (physical memory assigned to process): 21M, peak: 862M
current process commit charge ("private bytes"): 794M, peak: 800M

vm_info: OpenJDK 64-Bit Server VM (21.0.8+9-LTS) for windows-amd64 JRE (21.0.8+9-LTS), built on 2025-07-15T00:00:00Z by "admin" with MS VC++ 17.7 (VS2022)

END.
